{"level":"error","GetSkatBetaSubjectName":"error","time":"2023-11-29T23:51:58+03:00","caller":"/Users/vladislavtrofimov/go/pkg/mod/github.com/vampsh00ta/bot_steps_handlers@v0.0.0-20231126203731-32f89abe0597/wait_updates.go:40","message":"ERROR: trailing junk after numeric literal at or near \"1o\" (SQLSTATE 42601)"}
{"level":"error","GetSkatBetaSubjectName":"error","time":"2023-11-29T23:53:53+03:00","caller":"/Users/vladislavtrofimov/go/pkg/mod/github.com/vampsh00ta/bot_steps_handlers@v0.0.0-20231126203731-32f89abe0597/wait_updates.go:40","message":"ERROR: trailing junk after numeric literal at or near \"1o\" (SQLSTATE 42601)"}
{"level":"error","GetSkatBetaSubjectName":"error","time":"2023-11-29T23:54:47+03:00","caller":"/Users/vladislavtrofimov/go/pkg/mod/github.com/vampsh00ta/bot_steps_handlers@v0.0.0-20231126203731-32f89abe0597/wait_updates.go:40","message":"ERROR: trailing junk after numeric literal at or near \"1o\" (SQLSTATE 42601)"}
{"level":"error","GetSkatBetaSubjectName":"error","time":"2023-11-29T23:55:36+03:00","caller":"/Users/vladislavtrofimov/go/pkg/mod/github.com/vampsh00ta/bot_steps_handlers@v0.0.0-20231126203731-32f89abe0597/wait_updates.go:40","message":"ERROR: trailing junk after numeric literal at or near \"1o\" (SQLSTATE 42601)"}
{"level":"error","GetSkatBetaSubjectName":"error","time":"2023-11-29T23:56:01+03:00","caller":"/Users/vladislavtrofimov/go/pkg/mod/github.com/vampsh00ta/bot_steps_handlers@v0.0.0-20231126203731-32f89abe0597/wait_updates.go:40","message":"ERROR: trailing junk after numeric literal at or near \"1o\" (SQLSTATE 42601)"}
{"level":"error","GetSkatBetaSubjectName":"error","time":"2023-11-29T23:58:41+03:00","caller":"/Users/vladislavtrofimov/go/pkg/mod/github.com/vampsh00ta/bot_steps_handlers@v0.0.0-20231126203731-32f89abe0597/wait_updates.go:40","message":"ERROR: trailing junk after numeric literal at or near \"1o\" (SQLSTATE 42601)"}
{"level":"error","GetSkatBetaSubjectName":"error","time":"2023-11-29T23:59:16+03:00","caller":"/Users/vladislavtrofimov/go/pkg/mod/github.com/vampsh00ta/bot_steps_handlers@v0.0.0-20231126203731-32f89abe0597/wait_updates.go:40","message":"ERROR: trailing junk after numeric literal at or near \"1o\" (SQLSTATE 42601)"}
{"level":"error","GetSkatBetaSemester":"error","time":"2023-11-30T00:00:02+03:00","caller":"/Users/vladislavtrofimov/go/pkg/mod/github.com/vampsh00ta/bot_steps_handlers@v0.0.0-20231126203731-32f89abe0597/wait_updates.go:40","message":"ERROR: trailing junk after numeric literal at or near \"1o\" (SQLSTATE 42601)"}
{"level":"error","GetSkatBetaSubjectType":"error","time":"2023-11-30T23:52:00+03:00","caller":"/Users/vladislavtrofimov/go/pkg/mod/github.com/vampsh00ta/bot_steps_handlers@v0.0.0-20231130111903-b721cd20f38c/wait_updates.go:32","message":"no rows in result set"}
{"level":"error","GetSkatBetaSubjectType":"error","time":"2023-11-30T23:52:09+03:00","caller":"/Users/vladislavtrofimov/go/pkg/mod/github.com/vampsh00ta/bot_steps_handlers@v0.0.0-20231130111903-b721cd20f38c/wait_updates.go:44","message":"no rows in result set"}
{"level":"error","GetSkatBeta":"error","time":"2023-12-01T17:25:23+03:00","caller":"/Users/vladislavtrofimov/go/pkg/mod/github.com/vampsh00ta/bot_steps_handlers@v0.0.0-20231130111903-b721cd20f38c/wait_updates.go:32","message":"context canceled"}
{"level":"error","GetSkatBeta":"error","time":"2023-12-01T21:51:44+03:00","caller":"/Users/vladislavtrofimov/go/pkg/mod/github.com/vampsh00ta/bot_steps_handlers@v0.0.0-20231130111903-b721cd20f38c/wait_updates.go:32","message":"context canceled"}
{"level":"error","GetSkatBeta":"error","time":"2023-12-01T21:51:44+03:00","caller":"/Users/vladislavtrofimov/go/pkg/mod/github.com/vampsh00ta/bot_steps_handlers@v0.0.0-20231130111903-b721cd20f38c/wait_updates.go:32","message":"context canceled"}
{"level":"error","GetSkatBeta":"error","time":"2023-12-01T21:51:44+03:00","caller":"/Users/vladislavtrofimov/go/pkg/mod/github.com/vampsh00ta/bot_steps_handlers@v0.0.0-20231130111903-b721cd20f38c/wait_updates.go:32","message":"context canceled"}
{"level":"error","GetSkatBeta":"error","time":"2023-12-01T21:51:44+03:00","caller":"/Users/vladislavtrofimov/go/pkg/mod/github.com/vampsh00ta/bot_steps_handlers@v0.0.0-20231130111903-b721cd20f38c/wait_updates.go:32","message":"context canceled"}
{"level":"error","GetSkatBeta":"error","time":"2023-12-01T21:51:44+03:00","caller":"/Users/vladislavtrofimov/go/pkg/mod/github.com/vampsh00ta/bot_steps_handlers@v0.0.0-20231130111903-b721cd20f38c/wait_updates.go:32","message":"context canceled"}
{"level":"error","GetSkatBeta":"error","time":"2023-12-01T21:51:44+03:00","caller":"/Users/vladislavtrofimov/go/pkg/mod/github.com/vampsh00ta/bot_steps_handlers@v0.0.0-20231130111903-b721cd20f38c/wait_updates.go:32","message":"context canceled"}
{"level":"error","GetSkatBeta":"error","time":"2023-12-01T21:51:44+03:00","caller":"/Users/vladislavtrofimov/go/pkg/mod/github.com/vampsh00ta/bot_steps_handlers@v0.0.0-20231130111903-b721cd20f38c/wait_updates.go:32","message":"context canceled"}
{"level":"error","GetSkatBeta":"error","time":"2023-12-01T21:51:44+03:00","caller":"/Users/vladislavtrofimov/go/pkg/mod/github.com/vampsh00ta/bot_steps_handlers@v0.0.0-20231130111903-b721cd20f38c/wait_updates.go:32","message":"context canceled"}
{"level":"error","GetSkatBeta":"error","time":"2023-12-01T21:51:44+03:00","caller":"/Users/vladislavtrofimov/go/pkg/mod/github.com/vampsh00ta/bot_steps_handlers@v0.0.0-20231130111903-b721cd20f38c/wait_updates.go:32","message":"context canceled"}
{"level":"error","GetSkatBeta":"error","time":"2023-12-01T21:51:44+03:00","caller":"/Users/vladislavtrofimov/go/pkg/mod/github.com/vampsh00ta/bot_steps_handlers@v0.0.0-20231130111903-b721cd20f38c/wait_updates.go:44","message":"context canceled"}
{"level":"error","GetSkatBeta":"error","time":"2023-12-01T21:51:44+03:00","caller":"/Users/vladislavtrofimov/go/pkg/mod/github.com/vampsh00ta/bot_steps_handlers@v0.0.0-20231130111903-b721cd20f38c/wait_updates.go:44","message":"context canceled"}
{"level":"error","GetSkatBeta":"error","time":"2023-12-01T21:51:44+03:00","caller":"/Users/vladislavtrofimov/go/pkg/mod/github.com/vampsh00ta/bot_steps_handlers@v0.0.0-20231130111903-b721cd20f38c/wait_updates.go:32","message":"context canceled"}
{"level":"error","GetSkatBeta":"error","time":"2023-12-01T21:51:44+03:00","caller":"/Users/vladislavtrofimov/go/pkg/mod/github.com/vampsh00ta/bot_steps_handlers@v0.0.0-20231130111903-b721cd20f38c/wait_updates.go:32","message":"context canceled"}
{"level":"error","GetSkatBetaSubjectType":"error","time":"2023-12-01T22:17:23+03:00","caller":"/Users/vladislavtrofimov/go/pkg/mod/github.com/vampsh00ta/bot_steps_handlers@v0.0.0-20231130111903-b721cd20f38c/wait_updates.go:44","message":"can't scan into dest[11]: cannot scan NULL into *string"}
{"level":"error","AddSkatBetaVariant":"error","time":"2023-12-01T22:19:39+03:00","caller":"/Users/vladislavtrofimov/go/pkg/mod/github.com/vampsh00ta/bot_steps_handlers@v0.0.0-20231130111903-b721cd20f38c/wait_updates.go:44","message":"strconv.Atoi: parsing \"ะะต\": invalid syntax"}
{"level":"info","GetSkatBeta":"ok","time":"2023-12-01T22:38:58+03:00","caller":"/Users/vladislavtrofimov/go/pkg/mod/github.com/vampsh00ta/bot_steps_handlers@v0.0.0-20231201193046-6e292083822e/wait_updates.go:40","message":"vamp_sh00ta"}
{"level":"info","time":"2023-12-01T22:41:39+03:00","caller":"/Users/vladislavtrofimov/go/pkg/mod/github.com/vampsh00ta/bot_steps_handlers@v0.0.0-20231201193046-6e292083822e/wait_updates.go:40","message":"vamp_sh00ta%!(EXTRA string=GetSkatBeta, string=ok)"}
{"level":"info","GetSkatBeta":"ok","time":"2023-12-01T22:43:53+03:00","caller":"/Users/vladislavtrofimov/go/pkg/mod/github.com/vampsh00ta/bot_steps_handlers@v0.0.0-20231201193046-6e292083822e/wait_updates.go:40","message":"vamp_sh00ta"}
{"level":"info","GetSkatBetaInstitute":"ok","time":"2023-12-01T22:43:55+03:00","caller":"/Users/vladislavtrofimov/go/pkg/mod/github.com/vampsh00ta/bot_steps_handlers@v0.0.0-20231201193046-6e292083822e/wait_updates.go:40","message":"vamp_sh00ta"}
{"level":"info","GetSkatBetaSubjectName":"ok","time":"2023-12-01T22:43:57+03:00","caller":"/Users/vladislavtrofimov/go/pkg/mod/github.com/vampsh00ta/bot_steps_handlers@v0.0.0-20231201193046-6e292083822e/wait_updates.go:40","message":"vamp_sh00ta"}
{"level":"info","GetSkatBetaSemester":"ok","time":"2023-12-01T22:43:59+03:00","caller":"/Users/vladislavtrofimov/go/pkg/mod/github.com/vampsh00ta/bot_steps_handlers@v0.0.0-20231201193046-6e292083822e/wait_updates.go:40","message":"vamp_sh00ta"}
{"level":"info","GetSkatBetaSubjectType":"ok","time":"2023-12-01T22:44:01+03:00","caller":"/Users/vladislavtrofimov/go/pkg/mod/github.com/vampsh00ta/bot_steps_handlers@v0.0.0-20231201193046-6e292083822e/wait_updates.go:40","message":"vamp_sh00ta"}
{"level":"info","Download":"ok","variantId":"123","time":"2023-12-01T22:47:51+03:00","caller":"/Users/vladislavtrofimov/go/pkg/mod/github.com/vampsh00ta/bot_steps_handlers@v0.0.0-20231201193046-6e292083822e/wait_updates.go:29","message":"vamp_sh00ta"}
{"level":"info","Download":"ok","variantId":"124","time":"2023-12-01T22:47:54+03:00","caller":"/Users/vladislavtrofimov/go/pkg/mod/github.com/vampsh00ta/bot_steps_handlers@v0.0.0-20231201193046-6e292083822e/wait_updates.go:40","message":"vamp_sh00ta"}
{"level":"info","Download":"ok","variantId":"123","time":"2023-12-01T22:47:56+03:00","caller":"/Users/vladislavtrofimov/go/pkg/mod/github.com/vampsh00ta/bot_steps_handlers@v0.0.0-20231201193046-6e292083822e/wait_updates.go:40","message":"vamp_sh00ta"}
{"level":"info","Download":"ok","variantId":"124","time":"2023-12-01T22:47:56+03:00","caller":"/Users/vladislavtrofimov/go/pkg/mod/github.com/vampsh00ta/bot_steps_handlers@v0.0.0-20231201193046-6e292083822e/wait_updates.go:40","message":"vamp_sh00ta"}
{"level":"info","GetSkatBeta":"ok","time":"2023-12-01T22:48:05+03:00","caller":"/Users/vladislavtrofimov/go/pkg/mod/github.com/vampsh00ta/bot_steps_handlers@v0.0.0-20231201193046-6e292083822e/wait_updates.go:40","message":"vamp_sh00ta"}
{"level":"info","GetSkatBetaInstitute":"ok","time":"2023-12-01T22:48:06+03:00","caller":"/Users/vladislavtrofimov/go/pkg/mod/github.com/vampsh00ta/bot_steps_handlers@v0.0.0-20231201193046-6e292083822e/wait_updates.go:40","message":"vamp_sh00ta"}
{"level":"info","GetSkatBetaSubjectName":"ok","time":"2023-12-01T22:48:07+03:00","caller":"/Users/vladislavtrofimov/go/pkg/mod/github.com/vampsh00ta/bot_steps_handlers@v0.0.0-20231201193046-6e292083822e/wait_updates.go:40","message":"vamp_sh00ta"}
{"level":"info","GetSkatBetaSemester":"ok","time":"2023-12-01T22:48:08+03:00","caller":"/Users/vladislavtrofimov/go/pkg/mod/github.com/vampsh00ta/bot_steps_handlers@v0.0.0-20231201193046-6e292083822e/wait_updates.go:40","message":"vamp_sh00ta"}
{"level":"info","GetSkatBetaSubjectType":"ok","time":"2023-12-01T22:48:09+03:00","caller":"/Users/vladislavtrofimov/go/pkg/mod/github.com/vampsh00ta/bot_steps_handlers@v0.0.0-20231201193046-6e292083822e/wait_updates.go:40","message":"vamp_sh00ta"}
{"level":"info","Download":"ok","variantId":"122","time":"2023-12-01T22:48:11+03:00","caller":"/Users/vladislavtrofimov/go/pkg/mod/github.com/vampsh00ta/bot_steps_handlers@v0.0.0-20231201193046-6e292083822e/wait_updates.go:40","message":"vamp_sh00ta"}
{"level":"info","Download":"ok","variantId":"122","time":"2023-12-01T22:48:12+03:00","caller":"/Users/vladislavtrofimov/go/pkg/mod/github.com/vampsh00ta/bot_steps_handlers@v0.0.0-20231201193046-6e292083822e/wait_updates.go:40","message":"vamp_sh00ta"}
{"level":"info","Download":"ok","variantId":"122","time":"2023-12-01T22:48:13+03:00","caller":"/Users/vladislavtrofimov/go/pkg/mod/github.com/vampsh00ta/bot_steps_handlers@v0.0.0-20231201193046-6e292083822e/wait_updates.go:29","message":"vamp_sh00ta"}
{"level":"info","Download":"ok","variantId":"0","time":"2023-12-01T22:54:46+03:00","caller":"/Users/vladislavtrofimov/go/pkg/mod/github.com/vampsh00ta/bot_steps_handlers@v0.0.0-20231201193046-6e292083822e/wait_updates.go:29"}
